Starting audit...
[ERROR] /home/tudor/Tudor_Personal_Facultate/Tema_2_PO/J-POO-Morgan-Proiect-1/./src/main/java/org/poo/MyProject/Classes/TransactionBuilder.java:15:51: 'timestamp' hides a field. [HiddenField]
[ERROR] /home/tudor/Tudor_Personal_Facultate/Tema_2_PO/J-POO-Morgan-Proiect-1/./src/main/java/org/poo/MyProject/Classes/TransactionBuilder.java:22:56: 'description' hides a field. [HiddenField]
[ERROR] /home/tudor/Tudor_Personal_Facultate/Tema_2_PO/J-POO-Morgan-Proiect-1/./src/main/java/org/poo/MyProject/Classes/TransactionBuilder.java:29:51: 'amount' hides a field. [HiddenField]
[ERROR] /home/tudor/Tudor_Personal_Facultate/Tema_2_PO/J-POO-Morgan-Proiect-1/./src/main/java/org/poo/MyProject/Classes/TransactionBuilder.java:36:57: 'receiverIBAN' hides a field. [HiddenField]
[ERROR] /home/tudor/Tudor_Personal_Facultate/Tema_2_PO/J-POO-Morgan-Proiect-1/./src/main/java/org/poo/MyProject/Classes/TransactionBuilder.java:43:55: 'senderIBAN' hides a field. [HiddenField]
[ERROR] /home/tudor/Tudor_Personal_Facultate/Tema_2_PO/J-POO-Morgan-Proiect-1/./src/main/java/org/poo/MyProject/Classes/TransactionBuilder.java:50:53: 'currency' hides a field. [HiddenField]
[ERROR] /home/tudor/Tudor_Personal_Facultate/Tema_2_PO/J-POO-Morgan-Proiect-1/./src/main/java/org/poo/MyProject/Classes/TransactionBuilder.java:57:57: 'transferType' hides a field. [HiddenField]
[ERROR] /home/tudor/Tudor_Personal_Facultate/Tema_2_PO/J-POO-Morgan-Proiect-1/./src/main/java/org/poo/MyProject/Classes/Transaction.java:1: File does not end with a newline. [NewlineAtEndOfFile]
[ERROR] /home/tudor/Tudor_Personal_Facultate/Tema_2_PO/J-POO-Morgan-Proiect-1/./src/main/java/org/poo/MyProject/Classes/Transaction.java:16:24: Parameter timestamp should be final. [FinalParameters]
[ERROR] /home/tudor/Tudor_Personal_Facultate/Tema_2_PO/J-POO-Morgan-Proiect-1/./src/main/java/org/poo/MyProject/Classes/Transaction.java:16:39: Parameter description should be final. [FinalParameters]
[ERROR] /home/tudor/Tudor_Personal_Facultate/Tema_2_PO/J-POO-Morgan-Proiect-1/./src/main/java/org/poo/MyProject/Classes/Transaction.java:17:24: Parameter amount should be final. [FinalParameters]
[ERROR] /home/tudor/Tudor_Personal_Facultate/Tema_2_PO/J-POO-Morgan-Proiect-1/./src/main/java/org/poo/MyProject/Classes/Transaction.java:17:39: Parameter receiverIBAN should be final. [FinalParameters]
[ERROR] /home/tudor/Tudor_Personal_Facultate/Tema_2_PO/J-POO-Morgan-Proiect-1/./src/main/java/org/poo/MyProject/Classes/Transaction.java:17:60: Parameter senderIBAN should be final. [FinalParameters]
[ERROR] /home/tudor/Tudor_Personal_Facultate/Tema_2_PO/J-POO-Morgan-Proiect-1/./src/main/java/org/poo/MyProject/Classes/Transaction.java:18:24: Parameter currency should be final. [FinalParameters]
[ERROR] /home/tudor/Tudor_Personal_Facultate/Tema_2_PO/J-POO-Morgan-Proiect-1/./src/main/java/org/poo/MyProject/Classes/Transaction.java:18:41: Parameter transferType should be final. [FinalParameters]
[ERROR] /home/tudor/Tudor_Personal_Facultate/Tema_2_PO/J-POO-Morgan-Proiect-1/./src/main/java/org/poo/MyProject/ProjectMain/SendMoney.java:13:24: '{' is not followed by whitespace. [WhitespaceAround]
[ERROR] /home/tudor/Tudor_Personal_Facultate/Tema_2_PO/J-POO-Morgan-Proiect-1/./src/main/java/org/poo/MyProject/ProjectMain/SendMoney.java:13:25: '}' is not preceded with whitespace. [WhitespaceAround]
[ERROR] /home/tudor/Tudor_Personal_Facultate/Tema_2_PO/J-POO-Morgan-Proiect-1/./src/main/java/org/poo/MyProject/ProjectMain/CheckCardStatus.java:4:8: Unused import - org.poo.MyProject.Classes.Account. [UnusedImports]
[ERROR] /home/tudor/Tudor_Personal_Facultate/Tema_2_PO/J-POO-Morgan-Proiect-1/./src/main/java/org/poo/MyProject/ProjectMain/CheckCardStatus.java:5:8: Unused import - org.poo.MyProject.Classes.Card. [UnusedImports]
[ERROR] /home/tudor/Tudor_Personal_Facultate/Tema_2_PO/J-POO-Morgan-Proiect-1/./src/main/java/org/poo/MyProject/ProjectMain/PrintTransactions.java:13:32: '{' is not followed by whitespace. [WhitespaceAround]
[ERROR] /home/tudor/Tudor_Personal_Facultate/Tema_2_PO/J-POO-Morgan-Proiect-1/./src/main/java/org/poo/MyProject/ProjectMain/PrintTransactions.java:13:33: '}' is not preceded with whitespace. [WhitespaceAround]
[ERROR] /home/tudor/Tudor_Personal_Facultate/Tema_2_PO/J-POO-Morgan-Proiect-1/./src/main/java/org/poo/MyProject/ProjectMain/PrintTransactions.java:17:32: '{' is not preceded with whitespace. [WhitespaceAround]
[ERROR] /home/tudor/Tudor_Personal_Facultate/Tema_2_PO/J-POO-Morgan-Proiect-1/./src/main/java/org/poo/main/Main.java:10:8: Unused import - org.poo.utils.Utils. [UnusedImports]
Audit done.
Checkstyle ends with 23 errors.
